<?xml version="1.0" encoding="UTF-8"?>
<!-- Generated by org.testng.reporters.JUnitReportReporter -->
<testsuite skipped="0" hostname="DESKTOP-PJ5JRQT" name="com.selenium.testng.TestNGAnnotation" tests="1" failures="0" timestamp="10 Apr 2021 10:24:15 GMT" time="0.008" errors="0">
  <testcase name="test" time="0.008" classname="com.selenium.testng.TestNGAnnotation"/>
</testsuite> <!-- com.selenium.testng.TestNGAnnotation -->
