<?xml version="1.0" encoding="UTF-8"?>
<!-- Generated by org.testng.reporters.JUnitReportReporter -->
<testsuite skipped="1" hostname="DESKTOP-PJ5JRQT" name="com.selenium.testng.IncludeExcludeTestCase" tests="3" failures="0" timestamp="10 Apr 2021 10:49:24 GMT" time="0.026" errors="0">
  <testcase name="cycle" time="0.003" classname="com.selenium.testng.IncludeExcludeTestCase"/>
  <testcase name="car" time="0.023" classname="com.selenium.testng.IncludeExcludeTestCase"/>
  <testcase name="bike" classname="com.selenium.testng.IncludeExcludeTestCase">
    <skipped/>
  </testcase> <!-- bike -->
</testsuite> <!-- com.selenium.testng.IncludeExcludeTestCase -->
