<?xml version="1.0" encoding="UTF-8"?>
<!-- Generated by org.testng.reporters.JUnitReportReporter -->
<testsuite skipped="0" hostname="DESKTOP-PJ5JRQT" name="com.selenium.testng.ClickHold" tests="3" failures="0" timestamp="10 Apr 2021 10:38:31 GMT" time="0.413" errors="0">
  <testcase name="verifypagetitle" time="0.015" classname="com.selenium.testng.ClickHold"/>
  <testcase name="display" time="0.005" classname="com.selenium.testng.ClickHold"/>
  <testcase name="clickAndHold" time="0.393" classname="com.selenium.testng.ClickHold"/>
</testsuite> <!-- com.selenium.testng.ClickHold -->
