<?xml version="1.0" encoding="UTF-8"?>
<!-- Generated by org.testng.reporters.JUnitReportReporter -->
<testsuite skipped="0" hostname="DESKTOP-PJ5JRQT" name="com.selenium.testng.DataProvider" tests="4" failures="0" timestamp="11 Apr 2021 11:38:16 GMT" time="22.302" errors="0">
  <testcase name="dataproviders" time="6.918" classname="com.selenium.testng.DataProvider"/>
  <testcase name="dataproviders" time="4.968" classname="com.selenium.testng.DataProvider"/>
  <testcase name="dataproviders" time="5.983" classname="com.selenium.testng.DataProvider"/>
  <testcase name="dataproviders" time="4.433" classname="com.selenium.testng.DataProvider"/>
</testsuite> <!-- com.selenium.testng.DataProvider -->
