<?xml version="1.0" encoding="UTF-8"?>
<!-- Generated by org.testng.reporters.JUnitReportReporter -->
<testsuite skipped="0" hostname="DESKTOP-PJ5JRQT" name="com.selenium.testng.ParallelExecution" tests="3" failures="0" timestamp="11 Apr 2021 11:44:52 GMT" time="37.914" errors="0">
  <testcase name="launchgoogle" time="11.924" classname="com.selenium.testng.ParallelExecution"/>
  <testcase name="launchAmzon" time="14.238" classname="com.selenium.testng.ParallelExecution"/>
  <testcase name="launchtestsite" time="11.752" classname="com.selenium.testng.ParallelExecution"/>
</testsuite> <!-- com.selenium.testng.ParallelExecution -->
