<?xml version="1.0" encoding="UTF-8"?>
<!-- Generated by org.testng.reporters.JUnitReportReporter -->
<testsuite skipped="0" hostname="DESKTOP-PJ5JRQT" name="com.selenium.testng.InvocationCount" tests="3" failures="0" timestamp="11 Apr 2021 11:17:49 GMT" time="0.008" errors="0">
  <testcase name="display" time="0.002" classname="com.selenium.testng.InvocationCount"/>
  <testcase name="display" time="0.005" classname="com.selenium.testng.InvocationCount"/>
  <testcase name="display" time="0.001" classname="com.selenium.testng.InvocationCount"/>
</testsuite> <!-- com.selenium.testng.InvocationCount -->
