<?xml version="1.0" encoding="UTF-8"?>
<!-- Generated by org.testng.reporters.JUnitReportReporter -->
<testsuite skipped="0" hostname="DESKTOP-PJ5JRQT" name="com.selenium.testng.GroupTestCase" tests="7" failures="0" timestamp="11 Apr 2021 11:17:49 GMT" time="0.051" errors="0">
  <testcase name="banana" time="0.003" classname="com.selenium.testng.GroupTestCase"/>
  <testcase name="testt" time="0.006" classname="com.selenium.testng.GroupTestCase"/>
  <testcase name="car" time="0.004" classname="com.selenium.testng.GroupTestCase"/>
  <testcase name="bike" time="0.005" classname="com.selenium.testng.GroupTestCase"/>
  <testcase name="cycle" time="0.006" classname="com.selenium.testng.GroupTestCase"/>
  <testcase name="apple" time="0.019" classname="com.selenium.testng.GroupTestCase"/>
  <testcase name="mango" time="0.008" classname="com.selenium.testng.GroupTestCase"/>
</testsuite> <!-- com.selenium.testng.GroupTestCase -->
