<?xml version="1.0" encoding="UTF-8"?>
<!-- Generated by org.testng.reporters.JUnitReportReporter -->
<testsuite skipped="0" hostname="DESKTOP-PJ5JRQT" name="com.selenium.testng.DependsOnMethod" tests="3" failures="0" timestamp="11 Apr 2021 11:17:49 GMT" time="0.006" errors="0">
  <testcase name="car" time="0.004" classname="com.selenium.testng.DependsOnMethod"/>
  <testcase name="bike" time="0.001" classname="com.selenium.testng.DependsOnMethod"/>
  <testcase name="cycle" time="0.001" classname="com.selenium.testng.DependsOnMethod"/>
</testsuite> <!-- com.selenium.testng.DependsOnMethod -->
